<?xml version="1.0" encoding="UTF-8"?>
<!-- Generated by org.testng.reporters.JUnitReportReporter -->
<testsuite hostname="NIRMAL-RAWAT" failures="0" tests="4" name="cucumberOptions.TestNGTestRunner" time="68.660" errors="0" timestamp="2025-08-25T19:58:43 IST" skipped="0">
  <testcase classname="cucumberOptions.TestNGTestRunner" name="runScenario" time="17.617"/>
  <testcase classname="cucumberOptions.TestNGTestRunner" name="runScenario" time="20.382"/>
  <testcase classname="cucumberOptions.TestNGTestRunner" name="runScenario" time="15.428"/>
  <testcase classname="cucumberOptions.TestNGTestRunner" name="runScenario" time="15.233"/>
</testsuite> <!-- cucumberOptions.TestNGTestRunner -->
